This is pdfTeX, Version 3.141592653-2.6-1.40.24 (TeX Live 2022) (preloaded format=pdflatex 2023.1.22)  29 AUG 2023 21:35
entering extended mode
 restricted \write18 enabled.
 %&-line parsing enabled.
**Analisis_Salarios.tex
(./Analisis_Salarios.tex
LaTeX2e <2022-11-01> patch level 1
L3 programming layer <2023-01-16> (/Users/kevinrivas/Library/TinyTeX/texmf-dist/tex/latex/base/article.cls
Document Class: article 2022/07/02 v1.4n Standard LaTeX document class
(/Users/kevinrivas/Library/TinyTeX/texmf-dist/tex/latex/base/size10.clo
File: size10.clo 2022/07/02 v1.4n Standard LaTeX file (size option)
)
\c@part=\count185
\c@section=\count186
\c@subsection=\count187
\c@subsubsection=\count188
\c@paragraph=\count189
\c@subparagraph=\count190
\c@figure=\count191
\c@table=\count192
\abovecaptionskip=\skip48
\belowcaptionskip=\skip49
\bibindent=\dimen140
) (/Users/kevinrivas/Library/TinyTeX/texmf-dist/tex/latex/amsmath/amsmath.sty
Package: amsmath 2022/04/08 v2.17n AMS math features
\@mathmargin=\skip50
For additional information on amsmath, use the `?' option.
(/Users/kevinrivas/Library/TinyTeX/texmf-dist/tex/latex/amsmath/amstext.sty
Package: amstext 2021/08/26 v2.01 AMS text
(/Users/kevinrivas/Library/TinyTeX/texmf-dist/tex/latex/amsmath/amsgen.sty
File: amsgen.sty 1999/11/30 v2.0 generic functions
\@emptytoks=\toks16
\ex@=\dimen141
)) (/Users/kevinrivas/Library/TinyTeX/texmf-dist/tex/latex/amsmath/amsbsy.sty
Package: amsbsy 1999/11/29 v1.2d Bold Symbols
\pmbraise@=\dimen142
) (/Users/kevinrivas/Library/TinyTeX/texmf-dist/tex/latex/amsmath/amsopn.sty
Package: amsopn 2022/04/08 v2.04 operator names
)
\inf@bad=\count193
LaTeX Info: Redefining \frac on input line 234.
\uproot@=\count194
\leftroot@=\count195
LaTeX Info: Redefining \overline on input line 399.
LaTeX Info: Redefining \colon on input line 410.
\classnum@=\count196
\DOTSCASE@=\count197
LaTeX Info: Redefining \ldots on input line 496.
LaTeX Info: Redefining \dots on input line 499.
LaTeX Info: Redefining \cdots on input line 620.
\Mathstrutbox@=\box51
\strutbox@=\box52
LaTeX Info: Redefining \big on input line 722.
LaTeX Info: Redefining \Big on input line 723.
LaTeX Info: Redefining \bigg on input line 724.
LaTeX Info: Redefining \Bigg on input line 725.
\big@size=\dimen143
LaTeX Font Info:    Redeclaring font encoding OML on input line 743.
LaTeX Font Info:    Redeclaring font encoding OMS on input line 744.
\macc@depth=\count198
LaTeX Info: Redefining \bmod on input line 905.
LaTeX Info: Redefining \pmod on input line 910.
LaTeX Info: Redefining \smash on input line 940.
LaTeX Info: Redefining \relbar on input line 970.
LaTeX Info: Redefining \Relbar on input line 971.
\c@MaxMatrixCols=\count199
\dotsspace@=\muskip16
\c@parentequation=\count266
\dspbrk@lvl=\count267
\tag@help=\toks17
\row@=\count268
\column@=\count269
\maxfields@=\count270
\andhelp@=\toks18
\eqnshift@=\dimen144
\alignsep@=\dimen145
\tagshift@=\dimen146
\tagwidth@=\dimen147
\totwidth@=\dimen148
\lineht@=\dimen149
\@envbody=\toks19
\multlinegap=\skip51
\multlinetaggap=\skip52
\mathdisplay@stack=\toks20
LaTeX Info: Redefining \[ on input line 2953.
LaTeX Info: Redefining \] on input line 2954.
) (/Users/kevinrivas/Library/TinyTeX/texmf-dist/tex/latex/amsfonts/amssymb.sty
Package: amssymb 2013/01/14 v3.01 AMS font symbols
(/Users/kevinrivas/Library/TinyTeX/texmf-dist/tex/latex/amsfonts/amsfonts.sty
Package: amsfonts 2013/01/14 v3.01 Basic AMSFonts support
\symAMSa=\mathgroup4
\symAMSb=\mathgroup5
LaTeX Font Info:    Redeclaring math symbol \hbar on input line 98.
LaTeX Font Info:    Overwriting math alphabet `\mathfrak' in version `bold'
(Font)                  U/euf/m/n --> U/euf/b/n on input line 106.
)) (/Users/kevinrivas/Library/TinyTeX/texmf-dist/tex/latex/lm/lmodern.sty
Package: lmodern 2015/05/01 v1.6.1 Latin Modern Fonts
LaTeX Font Info:    Overwriting symbol font `operators' in version `normal'
(Font)                  OT1/cmr/m/n --> OT1/lmr/m/n on input line 22.
LaTeX Font Info:    Overwriting symbol font `letters' in version `normal'
(Font)                  OML/cmm/m/it --> OML/lmm/m/it on input line 23.
LaTeX Font Info:    Overwriting symbol font `symbols' in version `normal'
(Font)                  OMS/cmsy/m/n --> OMS/lmsy/m/n on input line 24.
LaTeX Font Info:    Overwriting symbol font `largesymbols' in version `normal'
(Font)                  OMX/cmex/m/n --> OMX/lmex/m/n on input line 25.
LaTeX Font Info:    Overwriting symbol font `operators' in version `bold'
(Font)                  OT1/cmr/bx/n --> OT1/lmr/bx/n on input line 26.
LaTeX Font Info:    Overwriting symbol font `letters' in version `bold'
(Font)                  OML/cmm/b/it --> OML/lmm/b/it on input line 27.
LaTeX Font Info:    Overwriting symbol font `symbols' in version `bold'
(Font)                  OMS/cmsy/b/n --> OMS/lmsy/b/n on input line 28.
LaTeX Font Info:    Overwriting symbol font `largesymbols' in version `bold'
(Font)                  OMX/cmex/m/n --> OMX/lmex/m/n on input line 29.
LaTeX Font Info:    Overwriting math alphabet `\mathbf' in version `normal'
(Font)                  OT1/cmr/bx/n --> OT1/lmr/bx/n on input line 31.
LaTeX Font Info:    Overwriting math alphabet `\mathsf' in version `normal'
(Font)                  OT1/cmss/m/n --> OT1/lmss/m/n on input line 32.
LaTeX Font Info:    Overwriting math alphabet `\mathit' in version `normal'
(Font)                  OT1/cmr/m/it --> OT1/lmr/m/it on input line 33.
LaTeX Font Info:    Overwriting math alphabet `\mathtt' in version `normal'
(Font)                  OT1/cmtt/m/n --> OT1/lmtt/m/n on input line 34.
LaTeX Font Info:    Overwriting math alphabet `\mathbf' in version `bold'
(Font)                  OT1/cmr/bx/n --> OT1/lmr/bx/n on input line 35.
LaTeX Font Info:    Overwriting math alphabet `\mathsf' in version `bold'
(Font)                  OT1/cmss/bx/n --> OT1/lmss/bx/n on input line 36.
LaTeX Font Info:    Overwriting math alphabet `\mathit' in version `bold'
(Font)                  OT1/cmr/bx/it --> OT1/lmr/bx/it on input line 37.
LaTeX Font Info:    Overwriting math alphabet `\mathtt' in version `bold'
(Font)                  OT1/cmtt/m/n --> OT1/lmtt/m/n on input line 38.
) (/Users/kevinrivas/Library/TinyTeX/texmf-dist/tex/generic/iftex/iftex.sty
Package: iftex 2022/02/03 v1.0f TeX engine tests
) (/Users/kevinrivas/Library/TinyTeX/texmf-dist/tex/latex/base/fontenc.sty
Package: fontenc 2021/04/29 v2.0v Standard LaTeX package
LaTeX Font Info:    Trying to load font information for T1+lmr on input line 112.
(/Users/kevinrivas/Library/TinyTeX/texmf-dist/tex/latex/lm/t1lmr.fd
File: t1lmr.fd 2015/05/01 v1.6.1 Font defs for Latin Modern
)) (/Users/kevinrivas/Library/TinyTeX/texmf-dist/tex/latex/base/inputenc.sty
Package: inputenc 2021/02/14 v1.3d Input encoding file
\inpenc@prehook=\toks21
\inpenc@posthook=\toks22
) (/Users/kevinrivas/Library/TinyTeX/texmf-dist/tex/latex/base/textcomp.sty
Package: textcomp 2020/02/02 v2.0n Standard LaTeX package
) (/Users/kevinrivas/Library/TinyTeX/texmf-dist/tex/latex/xcolor/xcolor.sty
Package: xcolor 2022/06/12 v2.14 LaTeX color extensions (UK)
(/Users/kevinrivas/Library/TinyTeX/texmf-dist/tex/latex/graphics-cfg/color.cfg
File: color.cfg 2016/01/02 v1.6 sample color configuration
)
Package xcolor Info: Driver file: pdftex.def on input line 227.
(/Users/kevinrivas/Library/TinyTeX/texmf-dist/tex/latex/graphics-def/pdftex.def
File: pdftex.def 2022/09/22 v1.2b Graphics/color driver for pdftex
) (/Users/kevinrivas/Library/TinyTeX/texmf-dist/tex/latex/graphics/mathcolor.ltx)
Package xcolor Info: Model `cmy' substituted by `cmy0' on input line 1353.
Package xcolor Info: Model `hsb' substituted by `rgb' on input line 1357.
Package xcolor Info: Model `RGB' extended on input line 1369.
Package xcolor Info: Model `HTML' substituted by `rgb' on input line 1371.
Package xcolor Info: Model `Hsb' substituted by `hsb' on input line 1372.
Package xcolor Info: Model `tHsb' substituted by `hsb' on input line 1373.
Package xcolor Info: Model `HSB' substituted by `hsb' on input line 1374.
Package xcolor Info: Model `Gray' substituted by `gray' on input line 1375.
Package xcolor Info: Model `wave' substituted by `hsb' on input line 1376.
) (/Users/kevinrivas/Library/TinyTeX/texmf-dist/tex/latex/geometry/geometry.sty
Package: geometry 2020/01/02 v5.9 Page Geometry
(/Users/kevinrivas/Library/TinyTeX/texmf-dist/tex/latex/graphics/keyval.sty
Package: keyval 2022/05/29 v1.15 key=value parser (DPC)
\KV@toks@=\toks23
) (/Users/kevinrivas/Library/TinyTeX/texmf-dist/tex/generic/iftex/ifvtex.sty
Package: ifvtex 2019/10/25 v1.7 ifvtex legacy package. Use iftex instead.
)
\Gm@cnth=\count271
\Gm@cntv=\count272
\c@Gm@tempcnt=\count273
\Gm@bindingoffset=\dimen150
\Gm@wd@mp=\dimen151
\Gm@odd@mp=\dimen152
\Gm@even@mp=\dimen153
\Gm@layoutwidth=\dimen154
\Gm@layoutheight=\dimen155
\Gm@layouthoffset=\dimen156
\Gm@layoutvoffset=\dimen157
\Gm@dimlist=\toks24
) (/Users/kevinrivas/Library/TinyTeX/texmf-dist/tex/latex/fancyvrb/fancyvrb.sty
Package: fancyvrb 2023/01/19 4.5a verbatim text (tvz,hv)
\FV@CodeLineNo=\count274
\FV@InFile=\read2
\FV@TabBox=\box53
\c@FancyVerbLine=\count275
\FV@StepNumber=\count276
\FV@OutFile=\write3
) (/Users/kevinrivas/Library/TinyTeX/texmf-dist/tex/latex/framed/framed.sty
Package: framed 2011/10/22 v 0.96: framed or shaded text with page breaks
\OuterFrameSep=\skip53
\fb@frw=\dimen158
\fb@frh=\dimen159
\FrameRule=\dimen160
\FrameSep=\dimen161
) (/Users/kevinrivas/Library/TinyTeX/texmf-dist/tex/latex/graphics/graphicx.sty
Package: graphicx 2021/09/16 v1.2d Enhanced LaTeX Graphics (DPC,SPQR)
(/Users/kevinrivas/Library/TinyTeX/texmf-dist/tex/latex/graphics/graphics.sty
Package: graphics 2022/03/10 v1.4e Standard LaTeX Graphics (DPC,SPQR)
(/Users/kevinrivas/Library/TinyTeX/texmf-dist/tex/latex/graphics/trig.sty
Package: trig 2021/08/11 v1.11 sin cos tan (DPC)
) (/Users/kevinrivas/Library/TinyTeX/texmf-dist/tex/latex/graphics-cfg/graphics.cfg
File: graphics.cfg 2016/06/04 v1.11 sample graphics configuration
)
Package graphics Info: Driver file: pdftex.def on input line 107.
)
\Gin@req@height=\dimen162
\Gin@req@width=\dimen163
) (/Users/kevinrivas/Library/TinyTeX/texmf-dist/tex/latex/hyperref/hyperref.sty
Package: hyperref 2022-11-13 v7.00u Hypertext links for LaTeX
(/Users/kevinrivas/Library/TinyTeX/texmf-dist/tex/generic/ltxcmds/ltxcmds.sty
Package: ltxcmds 2020-05-10 v1.25 LaTeX kernel commands for general use (HO)
) (/Users/kevinrivas/Library/TinyTeX/texmf-dist/tex/generic/pdftexcmds/pdftexcmds.sty
Package: pdftexcmds 2020-06-27 v0.33 Utility functions of pdfTeX for LuaTeX (HO)
(/Users/kevinrivas/Library/TinyTeX/texmf-dist/tex/generic/infwarerr/infwarerr.sty
Package: infwarerr 2019/12/03 v1.5 Providing info/warning/error messages (HO)
)
Package pdftexcmds Info: \pdf@primitive is available.
Package pdftexcmds Info: \pdf@ifprimitive is available.
Package pdftexcmds Info: \pdfdraftmode found.
) (/Users/kevinrivas/Library/TinyTeX/texmf-dist/tex/latex/kvsetkeys/kvsetkeys.sty
Package: kvsetkeys 2022-10-05 v1.19 Key value parser (HO)
) (/Users/kevinrivas/Library/TinyTeX/texmf-dist/tex/generic/kvdefinekeys/kvdefinekeys.sty
Package: kvdefinekeys 2019-12-19 v1.6 Define keys (HO)
) (/Users/kevinrivas/Library/TinyTeX/texmf-dist/tex/generic/pdfescape/pdfescape.sty
Package: pdfescape 2019/12/09 v1.15 Implements pdfTeX's escape features (HO)
) (/Users/kevinrivas/Library/TinyTeX/texmf-dist/tex/latex/hycolor/hycolor.sty
Package: hycolor 2020-01-27 v1.10 Color options for hyperref/bookmark (HO)
) (/Users/kevinrivas/Library/TinyTeX/texmf-dist/tex/latex/letltxmacro/letltxmacro.sty
Package: letltxmacro 2019/12/03 v1.6 Let assignment for LaTeX macros (HO)
) (/Users/kevinrivas/Library/TinyTeX/texmf-dist/tex/latex/auxhook/auxhook.sty
Package: auxhook 2019-12-17 v1.6 Hooks for auxiliary files (HO)
) (/Users/kevinrivas/Library/TinyTeX/texmf-dist/tex/latex/hyperref/nameref.sty
Package: nameref 2022-05-17 v2.50 Cross-referencing by name of section
(/Users/kevinrivas/Library/TinyTeX/texmf-dist/tex/latex/refcount/refcount.sty
Package: refcount 2019/12/15 v3.6 Data extraction from label references (HO)
) (/Users/kevinrivas/Library/TinyTeX/texmf-dist/tex/generic/gettitlestring/gettitlestring.sty
Package: gettitlestring 2019/12/15 v1.6 Cleanup title references (HO)
(/Users/kevinrivas/Library/TinyTeX/texmf-dist/tex/latex/kvoptions/kvoptions.sty
Package: kvoptions 2022-06-15 v3.15 Key value format for package options (HO)
))
\c@section@level=\count277
)
\@linkdim=\dimen164
\Hy@linkcounter=\count278
\Hy@pagecounter=\count279
(/Users/kevinrivas/Library/TinyTeX/texmf-dist/tex/latex/hyperref/pd1enc.def
File: pd1enc.def 2022-11-13 v7.00u Hyperref: PDFDocEncoding definition (HO)
Now handling font encoding PD1 ...
... no UTF-8 mapping file for font encoding PD1
) (/Users/kevinrivas/Library/TinyTeX/texmf-dist/tex/generic/intcalc/intcalc.sty
Package: intcalc 2019/12/15 v1.3 Expandable calculations with integers (HO)
) (/Users/kevinrivas/Library/TinyTeX/texmf-dist/tex/generic/etexcmds/etexcmds.sty
Package: etexcmds 2019/12/15 v1.7 Avoid name clashes with e-TeX commands (HO)
)
\Hy@SavedSpaceFactor=\count280
(/Users/kevinrivas/Library/TinyTeX/texmf-dist/tex/latex/hyperref/puenc.def
File: puenc.def 2022-11-13 v7.00u Hyperref: PDF Unicode definition (HO)
Now handling font encoding PU ...
... no UTF-8 mapping file for font encoding PU
)
Package hyperref Info: Option `unicode' set `true' on input line 4045.
Package hyperref Info: Hyper figures OFF on input line 4162.
Package hyperref Info: Link nesting OFF on input line 4167.
Package hyperref Info: Hyper index ON on input line 4170.
Package hyperref Info: Plain pages OFF on input line 4177.
Package hyperref Info: Backreferencing OFF on input line 4182.
Package hyperref Info: Implicit mode ON; LaTeX internals redefined.
Package hyperref Info: Bookmarks ON on input line 4410.
\c@Hy@tempcnt=\count281
(/Users/kevinrivas/Library/TinyTeX/texmf-dist/tex/latex/url/url.sty
\Urlmuskip=\muskip17
Package: url 2013/09/16  ver 3.4  Verb mode for urls, etc.
)
LaTeX Info: Redefining \url on input line 4748.
\XeTeXLinkMargin=\dimen165
(/Users/kevinrivas/Library/TinyTeX/texmf-dist/tex/generic/bitset/bitset.sty
Package: bitset 2019/12/09 v1.3 Handle bit-vector datatype (HO)
(/Users/kevinrivas/Library/TinyTeX/texmf-dist/tex/generic/bigintcalc/bigintcalc.sty
Package: bigintcalc 2019/12/15 v1.5 Expandable calculations on big integers (HO)
))
\Fld@menulength=\count282
\Field@Width=\dimen166
\Fld@charsize=\dimen167
Package hyperref Info: Hyper figures OFF on input line 6027.
Package hyperref Info: Link nesting OFF on input line 6032.
Package hyperref Info: Hyper index ON on input line 6035.
Package hyperref Info: backreferencing OFF on input line 6042.
Package hyperref Info: Link coloring OFF on input line 6047.
Package hyperref Info: Link coloring with OCG OFF on input line 6052.
Package hyperref Info: PDF/A mode OFF on input line 6057.
(/Users/kevinrivas/Library/TinyTeX/texmf-dist/tex/latex/base/atbegshi-ltx.sty
Package: atbegshi-ltx 2021/01/10 v1.0c Emulation of the original atbegshi
package with kernel methods
)
\Hy@abspage=\count283
\c@Item=\count284
\c@Hfootnote=\count285
)
Package hyperref Info: Driver (autodetected): hpdftex.
(/Users/kevinrivas/Library/TinyTeX/texmf-dist/tex/latex/hyperref/hpdftex.def
File: hpdftex.def 2022-11-13 v7.00u Hyperref driver for pdfTeX
(/Users/kevinrivas/Library/TinyTeX/texmf-dist/tex/latex/base/atveryend-ltx.sty
Package: atveryend-ltx 2020/08/19 v1.0a Emulation of the original atveryend package
with kernel methods
)
\Fld@listcount=\count286
\c@bookmark@seq@number=\count287
(/Users/kevinrivas/Library/TinyTeX/texmf-dist/tex/latex/rerunfilecheck/rerunfilecheck.sty
Package: rerunfilecheck 2022-07-10 v1.10 Rerun checks for auxiliary files (HO)
(/Users/kevinrivas/Library/TinyTeX/texmf-dist/tex/generic/uniquecounter/uniquecounter.sty
Package: uniquecounter 2019/12/15 v1.4 Provide unlimited unique counter (HO)
)
Package uniquecounter Info: New unique counter `rerunfilecheck' on input line 285.
)
\Hy@SectionHShift=\skip54
) (/Users/kevinrivas/Library/TinyTeX/texmf-dist/tex/latex/l3backend/l3backend-pdftex.def
File: l3backend-pdftex.def 2023-01-16 L3 backend support: PDF output (pdfTeX)
\l__color_backend_stack_int=\count288
\l__pdf_internal_box=\box54
)
No file Analisis_Salarios.aux.
\openout1 = `Analisis_Salarios.aux'.

LaTeX Font Info:    Checking defaults for OML/cmm/m/it on input line 110.
LaTeX Font Info:    ... okay on input line 110.
LaTeX Font Info:    Checking defaults for OMS/cmsy/m/n on input line 110.
LaTeX Font Info:    ... okay on input line 110.
LaTeX Font Info:    Checking defaults for OT1/cmr/m/n on input line 110.
LaTeX Font Info:    ... okay on input line 110.
LaTeX Font Info:    Checking defaults for T1/cmr/m/n on input line 110.
LaTeX Font Info:    ... okay on input line 110.
LaTeX Font Info:    Checking defaults for TS1/cmr/m/n on input line 110.
LaTeX Font Info:    ... okay on input line 110.
LaTeX Font Info:    Checking defaults for OMX/cmex/m/n on input line 110.
LaTeX Font Info:    ... okay on input line 110.
LaTeX Font Info:    Checking defaults for U/cmr/m/n on input line 110.
LaTeX Font Info:    ... okay on input line 110.
LaTeX Font Info:    Checking defaults for PD1/pdf/m/n on input line 110.
LaTeX Font Info:    ... okay on input line 110.
LaTeX Font Info:    Checking defaults for PU/pdf/m/n on input line 110.
LaTeX Font Info:    ... okay on input line 110.
(/Users/kevinrivas/Library/TinyTeX/texmf-dist/tex/latex/epstopdf-pkg/epstopdf-base.sty
Package: epstopdf-base 2020-01-24 v2.11 Base part for package epstopdf
Package epstopdf-base Info: Redefining graphics rule for `.eps' on input line 485.
(/Users/kevinrivas/Library/TinyTeX/texmf-dist/tex/latex/latexconfig/epstopdf-sys.cfg
File: epstopdf-sys.cfg 2010/07/13 v1.3 Configuration of (r)epstopdf for TeX Live
))
*geometry* driver: auto-detecting
*geometry* detected driver: pdftex
*geometry* verbose mode - [ preamble ] result:
* driver: pdftex
* paper: <default>
* layout: <same size as paper>
* layoutoffset:(h,v)=(0.0pt,0.0pt)
* modes: 
* h-part:(L,W,R)=(72.26999pt, 469.75502pt, 72.26999pt)
* v-part:(T,H,B)=(72.26999pt, 650.43001pt, 72.26999pt)
* \paperwidth=614.295pt
* \paperheight=794.96999pt
* \textwidth=469.75502pt
* \textheight=650.43001pt
* \oddsidemargin=0.0pt
* \evensidemargin=0.0pt
* \topmargin=-37.0pt
* \headheight=12.0pt
* \headsep=25.0pt
* \topskip=10.0pt
* \footskip=30.0pt
* \marginparwidth=65.0pt
* \marginparsep=11.0pt
* \columnsep=10.0pt
* \skip\footins=9.0pt plus 4.0pt minus 2.0pt
* \hoffset=0.0pt
* \voffset=0.0pt
* \mag=1000
* \@twocolumnfalse
* \@twosidefalse
* \@mparswitchfalse
* \@reversemarginfalse
* (1in=72.27pt=25.4mm, 1cm=28.453pt)

Package hyperref Info: Link coloring OFF on input line 110.
\@outlinefile=\write4
\openout4 = `Analisis_Salarios.out'.

LaTeX Font Info:    Trying to load font information for OT1+lmr on input line 112.
(/Users/kevinrivas/Library/TinyTeX/texmf-dist/tex/latex/lm/ot1lmr.fd
File: ot1lmr.fd 2015/05/01 v1.6.1 Font defs for Latin Modern
)
LaTeX Font Info:    Trying to load font information for OML+lmm on input line 112.
(/Users/kevinrivas/Library/TinyTeX/texmf-dist/tex/latex/lm/omllmm.fd
File: omllmm.fd 2015/05/01 v1.6.1 Font defs for Latin Modern
)
LaTeX Font Info:    Trying to load font information for OMS+lmsy on input line 112.
(/Users/kevinrivas/Library/TinyTeX/texmf-dist/tex/latex/lm/omslmsy.fd
File: omslmsy.fd 2015/05/01 v1.6.1 Font defs for Latin Modern
)
LaTeX Font Info:    Trying to load font information for OMX+lmex on input line 112.
(/Users/kevinrivas/Library/TinyTeX/texmf-dist/tex/latex/lm/omxlmex.fd
File: omxlmex.fd 2015/05/01 v1.6.1 Font defs for Latin Modern
)
LaTeX Font Info:    External font `lmex10' loaded for size
(Font)              <12> on input line 112.
LaTeX Font Info:    External font `lmex10' loaded for size
(Font)              <8> on input line 112.
LaTeX Font Info:    External font `lmex10' loaded for size
(Font)              <6> on input line 112.
LaTeX Font Info:    Trying to load font information for U+msa on input line 112.
(/Users/kevinrivas/Library/TinyTeX/texmf-dist/tex/latex/amsfonts/umsa.fd
File: umsa.fd 2013/01/14 v3.01 AMS symbols A
)
LaTeX Font Info:    Trying to load font information for U+msb on input line 112.
(/Users/kevinrivas/Library/TinyTeX/texmf-dist/tex/latex/amsfonts/umsb.fd
File: umsb.fd 2013/01/14 v3.01 AMS symbols B
)
LaTeX Font Info:    Trying to load font information for T1+lmtt on input line 117.
(/Users/kevinrivas/Library/TinyTeX/texmf-dist/tex/latex/lm/t1lmtt.fd
File: t1lmtt.fd 2015/05/01 v1.6.1 Font defs for Latin Modern
)
LaTeX Font Info:    Trying to load font information for TS1+lmtt on input line 122.
(/Users/kevinrivas/Library/TinyTeX/texmf-dist/tex/latex/lm/ts1lmtt.fd
File: ts1lmtt.fd 2015/05/01 v1.6.1 Font defs for Latin Modern
) [1

{/Users/kevinrivas/Library/TinyTeX/texmf-var/fonts/map/pdftex/updmap/pdftex.map}] [2] [3] [4] [5]
Overfull \hbox (81.49338pt too wide) in paragraph at lines 3990--3990
[]\T1/lmtt/m/n/10 ##                                                                                              Job.Title[] 
 []


Overfull \hbox (81.49338pt too wide) in paragraph at lines 3990--3990
[]\T1/lmtt/m/n/10 ## 1                                                                                       Data Scientist[] 
 []


Overfull \hbox (81.49338pt too wide) in paragraph at lines 3990--3990
[]\T1/lmtt/m/n/10 ## 2                                                                            Healthcare Data Scientist[] 
 []


Overfull \hbox (81.49338pt too wide) in paragraph at lines 3990--3990
[]\T1/lmtt/m/n/10 ## 4                                                                                       Data Scientist[] 
 []

[6]
Overfull \hbox (81.49338pt too wide) in paragraph at lines 3990--3990
[]\T1/lmtt/m/n/10 ## 5                                                                                       Data Scientist[] 
 []


Overfull \hbox (81.49338pt too wide) in paragraph at lines 3990--3990
[]\T1/lmtt/m/n/10 ## 6                                                                                       Data Scientist[] 
 []


Overfull \hbox (81.49338pt too wide) in paragraph at lines 3990--3990
[]\T1/lmtt/m/n/10 ## 12                                                                                      Data Scientist[] 
 []


Overfull \hbox (81.49338pt too wide) in paragraph at lines 3990--3990
[]\T1/lmtt/m/n/10 ## 13                                                                   Staff Data Scientist - Technology[] 
 []


Overfull \hbox (81.49338pt too wide) in paragraph at lines 3990--3990
[]\T1/lmtt/m/n/10 ## 16                                                                                     Data Engineer I[] 
 []


Overfull \hbox (81.49338pt too wide) in paragraph at lines 3990--3990
[]\T1/lmtt/m/n/10 ## 23                                                                       Data Scientist - Quantitative[] 
 []


Overfull \hbox (81.49338pt too wide) in paragraph at lines 3990--3990
[]\T1/lmtt/m/n/10 ## 27                                                                                      Data Scientist[] 
 []


Overfull \hbox (81.49338pt too wide) in paragraph at lines 3990--3990
[]\T1/lmtt/m/n/10 ## 31                                                                                      Data Scientist[] 
 []


Overfull \hbox (81.49338pt too wide) in paragraph at lines 3990--3990
[]\T1/lmtt/m/n/10 ## 32                                                                                      Data Scientist[] 
 []


Overfull \hbox (81.49338pt too wide) in paragraph at lines 3990--3990
[]\T1/lmtt/m/n/10 ## 33                                                            Data Scientist / Machine Learning Expert[] 
 []


Overfull \hbox (81.49338pt too wide) in paragraph at lines 3990--3990
[]\T1/lmtt/m/n/10 ## 34                                                                                      Data Scientist[] 
 []


Overfull \hbox (81.49338pt too wide) in paragraph at lines 3990--3990
[]\T1/lmtt/m/n/10 ## 35                                                                                      Data Scientist[] 
 []


Overfull \hbox (81.49338pt too wide) in paragraph at lines 3990--3990
[]\T1/lmtt/m/n/10 ## 37                                                                                      Data Scientist[] 
 []


Overfull \hbox (81.49338pt too wide) in paragraph at lines 3990--3990
[]\T1/lmtt/m/n/10 ## 40                                                                                       Data Engineer[] 
 []


Overfull \hbox (81.49338pt too wide) in paragraph at lines 3990--3990
[]\T1/lmtt/m/n/10 ## 45                                                                               Senior Data Scientist[] 
 []


Overfull \hbox (81.49338pt too wide) in paragraph at lines 3990--3990
[]\T1/lmtt/m/n/10 ## 47                                                                                 Lead Data Scientist[] 
 []


Overfull \hbox (81.49338pt too wide) in paragraph at lines 3990--3990
[]\T1/lmtt/m/n/10 ## 48                                                                              Associate Data Analyst[] 
 []


Overfull \hbox (81.49338pt too wide) in paragraph at lines 3990--3990
[]\T1/lmtt/m/n/10 ## 49                                                                         Spectral Scientist/Engineer[] 
 []


Overfull \hbox (81.49338pt too wide) in paragraph at lines 3990--3990
[]\T1/lmtt/m/n/10 ## 51                                                                                      Data Scientist[] 
 []


Overfull \hbox (81.49338pt too wide) in paragraph at lines 3990--3990
[]\T1/lmtt/m/n/10 ## 53                                                                                Data Science Analyst[] 
 []


Overfull \hbox (81.49338pt too wide) in paragraph at lines 3990--3990
[]\T1/lmtt/m/n/10 ## 60                                                                                      Data Scientist[] 
 []


Overfull \hbox (81.49338pt too wide) in paragraph at lines 3990--3990
[]\T1/lmtt/m/n/10 ## 64                                              Data Scientist in Artificial Intelligence Early Career[] 
 []


Overfull \hbox (81.49338pt too wide) in paragraph at lines 3990--3990
[]\T1/lmtt/m/n/10 ## 68                                                                           Data Scientist - Research[] 
 []


Overfull \hbox (81.49338pt too wide) in paragraph at lines 3990--3990
[]\T1/lmtt/m/n/10 ## 73                                                                                           Scientist[] 
 []


Overfull \hbox (81.49338pt too wide) in paragraph at lines 3990--3990
[]\T1/lmtt/m/n/10 ## 78                                                                                  Research Scientist[] 
 []


Overfull \hbox (81.49338pt too wide) in paragraph at lines 3990--3990
[]\T1/lmtt/m/n/10 ## 80                                                                                      Data Scientist[] 
 []


Overfull \hbox (81.49338pt too wide) in paragraph at lines 3990--3990
[]\T1/lmtt/m/n/10 ## 82                                                                           Jr. Business Data Analyst[] 
 []


Overfull \hbox (81.49338pt too wide) in paragraph at lines 3990--3990
[]\T1/lmtt/m/n/10 ## 85                                                                                       Data Engineer[] 
 []


Overfull \hbox (81.49338pt too wide) in paragraph at lines 3990--3990
[]\T1/lmtt/m/n/10 ## 87                                                                   Staff Data Scientist - Technology[] 
 []


Overfull \hbox (81.49338pt too wide) in paragraph at lines 3990--3990
[]\T1/lmtt/m/n/10 ## 90                                                                          Data Management Specialist[] 
 []


Overfull \hbox (81.49338pt too wide) in paragraph at lines 3990--3990
[]\T1/lmtt/m/n/10 ## 91                                                                             E-Commerce Data Analyst[] 
 []


Overfull \hbox (81.49338pt too wide) in paragraph at lines 3990--3990
[]\T1/lmtt/m/n/10 ## 92                                                                                    Sr. Scientist II[] 
 []


Overfull \hbox (81.49338pt too wide) in paragraph at lines 3990--3990
[]\T1/lmtt/m/n/10 ## 93                                                                            Insurance Data Scientist[] 
 []


Overfull \hbox (81.49338pt too wide) in paragraph at lines 3990--3990
[]\T1/lmtt/m/n/10 ## 95                                                                            Data Analyst / Scientist[] 
 []


Overfull \hbox (81.49338pt too wide) in paragraph at lines 3990--3990
[]\T1/lmtt/m/n/10 ## 96                                                                                           Scientist[] 
 []


Overfull \hbox (81.49338pt too wide) in paragraph at lines 3990--3990
[]\T1/lmtt/m/n/10 ## 97                                                                                      Data Scientist[] 
 []


Overfull \hbox (81.49338pt too wide) in paragraph at lines 3990--3990
[]\T1/lmtt/m/n/10 ## 99                                                                                        Data Analyst[] 
 []


Overfull \hbox (81.49338pt too wide) in paragraph at lines 3990--3990
[]\T1/lmtt/m/n/10 ## 102                                                                                     Data Scientist[] 
 []


Overfull \hbox (81.49338pt too wide) in paragraph at lines 3990--3990
[]\T1/lmtt/m/n/10 ## 105                                                                                      Data Engineer[] 
 []


Overfull \hbox (81.49338pt too wide) in paragraph at lines 3990--3990
[]\T1/lmtt/m/n/10 ## 106                                                                              Senior Data Scientist[] 
 []


Overfull \hbox (81.49338pt too wide) in paragraph at lines 3990--3990
[]\T1/lmtt/m/n/10 ## 109                                                                                 Research Scientist[] 
 []


Overfull \hbox (81.49338pt too wide) in paragraph at lines 3990--3990
[]\T1/lmtt/m/n/10 ## 115                                                                                      Data Engineer[] 
 []


Overfull \hbox (81.49338pt too wide) in paragraph at lines 3990--3990
[]\T1/lmtt/m/n/10 ## 117                                                                                     Data Scientist[] 
 []


Overfull \hbox (81.49338pt too wide) in paragraph at lines 3990--3990
[]\T1/lmtt/m/n/10 ## 118                                                                                      Data Engineer[] 
 []


Overfull \hbox (81.49338pt too wide) in paragraph at lines 3990--3990
[]\T1/lmtt/m/n/10 ## 119                                                                                  Data Scientist II[] 
 []


Overfull \hbox (81.49338pt too wide) in paragraph at lines 3990--3990
[]\T1/lmtt/m/n/10 ## 120                                                                               Senior Data Engineer[] 
 []


Overfull \hbox (81.49338pt too wide) in paragraph at lines 3990--3990
[]\T1/lmtt/m/n/10 ## 121                                                                                     Data Scientist[] 
 []


Overfull \hbox (81.49338pt too wide) in paragraph at lines 3990--3990
[]\T1/lmtt/m/n/10 ## 124                                                                                      Data Engineer[] 
 []


Overfull \hbox (81.49338pt too wide) in paragraph at lines 3990--3990
[]\T1/lmtt/m/n/10 ## 125                                                                                       Data Analyst[] 
 []


Overfull \hbox (81.49338pt too wide) in paragraph at lines 3990--3990
[]\T1/lmtt/m/n/10 ## 126                                                                                  Project Scientist[] 
 []


Overfull \hbox (81.49338pt too wide) in paragraph at lines 3990--3990
[]\T1/lmtt/m/n/10 ## 127                                                                                     Data Scientist[] 
 []


Overfull \hbox (81.49338pt too wide) in paragraph at lines 3990--3990
[]\T1/lmtt/m/n/10 ## 129                  Senior Machine Learning (ML) Engineer / Data Scientist - Cyber Security Analytics[] 
 []


Overfull \hbox (81.49338pt too wide) in paragraph at lines 3990--3990
[]\T1/lmtt/m/n/10 ## 132                                                                                     Data Scientist[] 
 []


Overfull \hbox (81.49338pt too wide) in paragraph at lines 3990--3990
[]\T1/lmtt/m/n/10 ## 133                                                                                Associate Scientist[] 
 []

[7]
Overfull \hbox (81.49338pt too wide) in paragraph at lines 3990--3990
[]\T1/lmtt/m/n/10 ## 134                                                                       Scientist 2, QC Viral Vector[] 
 []


Overfull \hbox (81.49338pt too wide) in paragraph at lines 3990--3990
[]\T1/lmtt/m/n/10 ## 137                                                                                     Data Scientist[] 
 []


Overfull \hbox (81.49338pt too wide) in paragraph at lines 3990--3990
[]\T1/lmtt/m/n/10 ## 144                                 Senior Research Scientist - Embedded System Development for DevOps[] 
 []


Overfull \hbox (81.49338pt too wide) in paragraph at lines 3990--3990
[]\T1/lmtt/m/n/10 ## 145                                                                    Data Scientist - Bioinformatics[] 
 []


Overfull \hbox (81.49338pt too wide) in paragraph at lines 3990--3990
[]\T1/lmtt/m/n/10 ## 146                                                                                      Data Engineer[] 
 []


Overfull \hbox (81.49338pt too wide) in paragraph at lines 3990--3990
[]\T1/lmtt/m/n/10 ## 148                                                                                Lead Data Scientist[] 
 []


Overfull \hbox (81.49338pt too wide) in paragraph at lines 3990--3990
[]\T1/lmtt/m/n/10 ## 150                                                                   Senior Data Scientist Statistics[] 
 []


Overfull \hbox (81.49338pt too wide) in paragraph at lines 3990--3990
[]\T1/lmtt/m/n/10 ## 156                                      Sr. Data Scientist - Analytics, Personalized Healthcare (PHC)[] 
 []


Overfull \hbox (81.49338pt too wide) in paragraph at lines 3990--3990
[]\T1/lmtt/m/n/10 ## 157                                                                              Senior Data Scientist[] 
 []


Overfull \hbox (81.49338pt too wide) in paragraph at lines 3990--3990
[]\T1/lmtt/m/n/10 ## 159                                                               Data Scientist (Actuary, FSA or ASA)[] 
 []


Overfull \hbox (81.49338pt too wide) in paragraph at lines 3990--3990
[]\T1/lmtt/m/n/10 ## 160                                                                               Staff Data Scientist[] 
 []


Overfull \hbox (81.49338pt too wide) in paragraph at lines 3990--3990
[]\T1/lmtt/m/n/10 ## 165                                                                                Senior Data Analyst[] 
 []


Overfull \hbox (81.49338pt too wide) in paragraph at lines 3990--3990
[]\T1/lmtt/m/n/10 ## 167                                                              Risk and Analytics IT, Data Scientist[] 
 []


Overfull \hbox (81.49338pt too wide) in paragraph at lines 3990--3990
[]\T1/lmtt/m/n/10 ## 169                                                                              Senior Data Scientist[] 
 []


Overfull \hbox (81.49338pt too wide) in paragraph at lines 3990--3990
[]\T1/lmtt/m/n/10 ## 170                                                                                  Analytics Manager[] 
 []


Overfull \hbox (81.49338pt too wide) in paragraph at lines 3990--3990
[]\T1/lmtt/m/n/10 ## 176                                                                              Senior Data Scientist[] 
 []


Overfull \hbox (81.49338pt too wide) in paragraph at lines 3990--3990
[]\T1/lmtt/m/n/10 ## 181                                                                     Excel / VBA / SQL Data Analyst[] 
 []


Overfull \hbox (81.49338pt too wide) in paragraph at lines 3990--3990
[]\T1/lmtt/m/n/10 ## 182                                                                Machine Learning Research Scientist[] 
 []


Overfull \hbox (81.49338pt too wide) in paragraph at lines 3990--3990
[]\T1/lmtt/m/n/10 ## 185                                                                                 Radar Data Analyst[] 
 []


Overfull \hbox (81.49338pt too wide) in paragraph at lines 3990--3990
[]\T1/lmtt/m/n/10 ## 192                                                             Software Engineer - Data Visualization[] 
 []


Overfull \hbox (81.49338pt too wide) in paragraph at lines 3990--3990
[]\T1/lmtt/m/n/10 ## 197                                                                             Marketing Data Analyst[] 
 []


Overfull \hbox (81.49338pt too wide) in paragraph at lines 3990--3990
[]\T1/lmtt/m/n/10 ## 198                                                                       Medical Laboratory Scientist[] 
 []


Overfull \hbox (81.49338pt too wide) in paragraph at lines 3990--3990
[]\T1/lmtt/m/n/10 ## 200                                                         Senior Research Scientist-Machine Learning[] 
 []


Overfull \hbox (81.49338pt too wide) in paragraph at lines 3990--3990
[]\T1/lmtt/m/n/10 ## 201                                                                      Analytics Manager - Data Mart[] 
 []


Overfull \hbox (81.49338pt too wide) in paragraph at lines 3990--3990
[]\T1/lmtt/m/n/10 ## 202                                                        Sr. Data Engineer - Contract-to-Hire (Java)[] 
 []


Overfull \hbox (81.49338pt too wide) in paragraph at lines 3990--3990
[]\T1/lmtt/m/n/10 ## 204                                                                         Food Scientist - Developer[] 
 []


Overfull \hbox (81.49338pt too wide) in paragraph at lines 3990--3990
[]\T1/lmtt/m/n/10 ## 205                                                     Staff Scientist-Downstream Process Development[] 
 []


Overfull \hbox (81.49338pt too wide) in paragraph at lines 3990--3990
[]\T1/lmtt/m/n/10 ## 207                                                                      Data Scientist - Quantitative[] 
 []


Overfull \hbox (81.49338pt too wide) in paragraph at lines 3990--3990
[]\T1/lmtt/m/n/10 ## 208                                                                                     Data Scientist[] 
 []


Overfull \hbox (81.49338pt too wide) in paragraph at lines 3990--3990
[]\T1/lmtt/m/n/10 ## 210                                                                         Business Data Analyst, SQL[] 
 []


Overfull \hbox (81.49338pt too wide) in paragraph at lines 3990--3990
[]\T1/lmtt/m/n/10 ## 212                                                                                     Data Scientist[] 
 []


Overfull \hbox (81.49338pt too wide) in paragraph at lines 3990--3990
[]\T1/lmtt/m/n/10 ## 216                                                                                     Data Scientist[] 
 []


Overfull \hbox (81.49338pt too wide) in paragraph at lines 3990--3990
[]\T1/lmtt/m/n/10 ## 217                                                                                       Data Analyst[] 
 []


Overfull \hbox (81.49338pt too wide) in paragraph at lines 3990--3990
[]\T1/lmtt/m/n/10 ## 218                                                        Associate Data Scientist/Computer Scientist[] 
 []


Overfull \hbox (81.49338pt too wide) in paragraph at lines 3990--3990
[]\T1/lmtt/m/n/10 ## 219                                                          Business Intelligence Analyst / Developer[] 
 []


Overfull \hbox (81.49338pt too wide) in paragraph at lines 3990--3990
[]\T1/lmtt/m/n/10 ## 221                                      Sr. Data Scientist - Analytics, Personalized Healthcare (PHC)[] 
 []


Overfull \hbox (81.49338pt too wide) in paragraph at lines 3990--3990
[]\T1/lmtt/m/n/10 ## 222                                                                              Senior Data Scientist[] 
 []


Overfull \hbox (81.49338pt too wide) in paragraph at lines 3990--3990
[]\T1/lmtt/m/n/10 ## 226                                                                                       Data Analyst[] 
 []


Overfull \hbox (81.49338pt too wide) in paragraph at lines 3990--3990
[]\T1/lmtt/m/n/10 ## 227                                                                               Staff Data Scientist[] 
 []


Overfull \hbox (81.49338pt too wide) in paragraph at lines 3990--3990
[]\T1/lmtt/m/n/10 ## 228                                                               Data Scientist (Actuary, FSA or ASA)[] 
 []


Overfull \hbox (81.49338pt too wide) in paragraph at lines 3990--3990
[]\T1/lmtt/m/n/10 ## 229                                                                            System and Data Analyst[] 
 []


Overfull \hbox (81.49338pt too wide) in paragraph at lines 3990--3990
[]\T1/lmtt/m/n/10 ## 234                                                                  Data & Analytics Consultant (NYC)[] 
 []


Overfull \hbox (81.49338pt too wide) in paragraph at lines 3990--3990
[]\T1/lmtt/m/n/10 ## 237                                                   Big Data Engineer - Chicago - Future Opportunity[] 
 []


Overfull \hbox (81.49338pt too wide) in paragraph at lines 3990--3990
[]\T1/lmtt/m/n/10 ## 238                                                                                Senior Data Analyst[] 
 []


Overfull \hbox (81.49338pt too wide) in paragraph at lines 3990--3990
[]\T1/lmtt/m/n/10 ## 239                                                                                     Data Scientist[] 
 []


Overfull \hbox (81.49338pt too wide) in paragraph at lines 3990--3990
[]\T1/lmtt/m/n/10 ## 240                                                                                Survey Data Analyst[] 
 []


Overfull \hbox (81.49338pt too wide) in paragraph at lines 3990--3990
[]\T1/lmtt/m/n/10 ## 241                                                                                     Data Scientist[] 
 []


Overfull \hbox (81.49338pt too wide) in paragraph at lines 3990--3990
[]\T1/lmtt/m/n/10 ## 243                                                              Risk and Analytics IT, Data Scientist[] 
 []


Overfull \hbox (81.49338pt too wide) in paragraph at lines 3990--3990
[]\T1/lmtt/m/n/10 ## 244                                                                                     Data Scientist[] 
 []


Overfull \hbox (81.49338pt too wide) in paragraph at lines 3990--3990
[]\T1/lmtt/m/n/10 ## 251                                                                              Senior Data Scientist[] 
 []


Overfull \hbox (81.49338pt too wide) in paragraph at lines 3990--3990
[]\T1/lmtt/m/n/10 ## 254                                                                                  Analytics Manager[] 
 []


Overfull \hbox (81.49338pt too wide) in paragraph at lines 3990--3990
[]\T1/lmtt/m/n/10 ## 259                                                                                     Data Scientist[] 
 []


Overfull \hbox (81.49338pt too wide) in paragraph at lines 3990--3990
[]\T1/lmtt/m/n/10 ## 269                                                                              Senior Data Scientist[] 
 []


Overfull \hbox (81.49338pt too wide) in paragraph at lines 3990--3990
[]\T1/lmtt/m/n/10 ## 274                                                                                     Data Scientist[] 
 []

[8]
Overfull \hbox (81.49338pt too wide) in paragraph at lines 3990--3990
[]\T1/lmtt/m/n/10 ## 276                                                                     Excel / VBA / SQL Data Analyst[] 
 []


Overfull \hbox (81.49338pt too wide) in paragraph at lines 3990--3990
[]\T1/lmtt/m/n/10 ## 277                                                                Machine Learning Research Scientist[] 
 []


Overfull \hbox (81.49338pt too wide) in paragraph at lines 3990--3990
[]\T1/lmtt/m/n/10 ## 279                                                                                     Data Scientist[] 
 []


Overfull \hbox (81.49338pt too wide) in paragraph at lines 3990--3990
[]\T1/lmtt/m/n/10 ## 280                                                                                     Data Scientist[] 
 []


Overfull \hbox (81.49338pt too wide) in paragraph at lines 3990--3990
[]\T1/lmtt/m/n/10 ## 286                                                                                 Radar Data Analyst[] 
 []


Overfull \hbox (81.49338pt too wide) in paragraph at lines 3990--3990
[]\T1/lmtt/m/n/10 ## 287                                                                   CONSULTANT^^U DATA ANALYTICS GROUP[] 
 []


Overfull \hbox (81.49338pt too wide) in paragraph at lines 3990--3990
[]\T1/lmtt/m/n/10 ## 288                                                                                      Data Engineer[] 
 []


Overfull \hbox (81.49338pt too wide) in paragraph at lines 3990--3990
[]\T1/lmtt/m/n/10 ## 293 Associate Scientist/Scientist, Process Analytical Technology - Small Molecule Analytical Chemistry[] 
 []


Overfull \hbox (81.49338pt too wide) in paragraph at lines 3990--3990
[]\T1/lmtt/m/n/10 ## 296                                                                               Program/Data Analyst[] 
 []


Overfull \hbox (81.49338pt too wide) in paragraph at lines 3990--3990
[]\T1/lmtt/m/n/10 ## 297                                                                                      Data Engineer[] 
 []


Overfull \hbox (81.49338pt too wide) in paragraph at lines 3990--3990
[]\T1/lmtt/m/n/10 ## 298                             Senior Data Scientist: Causal & Predictive analytics AI Innovation Lab[] 
 []


Overfull \hbox (81.49338pt too wide) in paragraph at lines 3990--3990
[]\T1/lmtt/m/n/10 ## 299                                                  Principal Data Engineer, Data Platform & Insights[] 
 []


Overfull \hbox (81.49338pt too wide) in paragraph at lines 3990--3990
[]\T1/lmtt/m/n/10 ## 303                                                           Data Scientist / Machine Learning Expert[] 
 []


Overfull \hbox (81.49338pt too wide) in paragraph at lines 3990--3990
[]\T1/lmtt/m/n/10 ## 304                                                                                     Data Scientist[] 
 []


Overfull \hbox (81.49338pt too wide) in paragraph at lines 3990--3990
[]\T1/lmtt/m/n/10 ## 305                                                                              Senior Data Scientist[] 
 []


Overfull \hbox (81.49338pt too wide) in paragraph at lines 3990--3990
[]\T1/lmtt/m/n/10 ## 307                                                                              Clinical Data Analyst[] 
 []


Overfull \hbox (81.49338pt too wide) in paragraph at lines 3990--3990
[]\T1/lmtt/m/n/10 ## 309                                                               Computational Chemist/Data Scientist[] 
 []


Overfull \hbox (81.49338pt too wide) in paragraph at lines 3990--3990
[]\T1/lmtt/m/n/10 ## 312                                                                    Product Engineer ^^U Data Science[] 
 []


Overfull \hbox (81.49338pt too wide) in paragraph at lines 3990--3990
[]\T1/lmtt/m/n/10 ## 316                                                                                Market Data Analyst[] 
 []


Overfull \hbox (81.49338pt too wide) in paragraph at lines 3990--3990
[]\T1/lmtt/m/n/10 ## 317                                                             Software Engineer - Data Visualization[] 
 []


Overfull \hbox (81.49338pt too wide) in paragraph at lines 3990--3990
[]\T1/lmtt/m/n/10 ## 322                                                                         Staff BI and Data Engineer[] 
 []


Overfull \hbox (81.49338pt too wide) in paragraph at lines 3990--3990
[]\T1/lmtt/m/n/10 ## 325                                                                                       Data Analyst[] 
 []


Overfull \hbox (81.49338pt too wide) in paragraph at lines 3990--3990
[]\T1/lmtt/m/n/10 ## 327                                                                                     Data Scientist[] 
 []


Overfull \hbox (81.49338pt too wide) in paragraph at lines 3990--3990
[]\T1/lmtt/m/n/10 ## 328                                                                                     Data Scientist[] 
 []


Overfull \hbox (81.49338pt too wide) in paragraph at lines 3990--3990
[]\T1/lmtt/m/n/10 ## 334                                                                  Consultant - Analytics Consulting[] 
 []


Overfull \hbox (81.49338pt too wide) in paragraph at lines 3990--3990
[]\T1/lmtt/m/n/10 ## 336                                                                             Marketing Data Analyst[] 
 []


Overfull \hbox (81.49338pt too wide) in paragraph at lines 3990--3990
[]\T1/lmtt/m/n/10 ## 338                                                                       Medical Laboratory Scientist[] 
 []


Overfull \hbox (81.49338pt too wide) in paragraph at lines 3990--3990
[]\T1/lmtt/m/n/10 ## 339                                                             Machine Learning Engineer - Regulatory[] 
 []


Overfull \hbox (81.49338pt too wide) in paragraph at lines 3990--3990
[]\T1/lmtt/m/n/10 ## 344                                                         Senior Research Scientist-Machine Learning[] 
 []


Overfull \hbox (81.49338pt too wide) in paragraph at lines 3990--3990
[]\T1/lmtt/m/n/10 ## 346                                                                      Clinical Laboratory Scientist[] 
 []


Overfull \hbox (81.49338pt too wide) in paragraph at lines 3990--3990
[]\T1/lmtt/m/n/10 ## 347                                                                      Analytics Manager - Data Mart[] 
 []


Overfull \hbox (81.49338pt too wide) in paragraph at lines 3990--3990
[]\T1/lmtt/m/n/10 ## 348                                                        Sr. Data Engineer - Contract-to-Hire (Java)[] 
 []


Overfull \hbox (81.49338pt too wide) in paragraph at lines 3990--3990
[]\T1/lmtt/m/n/10 ## 352                                                                         Food Scientist - Developer[] 
 []


Overfull \hbox (81.49338pt too wide) in paragraph at lines 3990--3990
[]\T1/lmtt/m/n/10 ## 353                                                                              Senior Data Scientist[] 
 []


Overfull \hbox (81.49338pt too wide) in paragraph at lines 3990--3990
[]\T1/lmtt/m/n/10 ## 354                                                                                      Data Engineer[] 
 []


Overfull \hbox (81.49338pt too wide) in paragraph at lines 3990--3990
[]\T1/lmtt/m/n/10 ## 357                                                     Staff Scientist-Downstream Process Development[] 
 []


Overfull \hbox (81.49338pt too wide) in paragraph at lines 3990--3990
[]\T1/lmtt/m/n/10 ## 360                                               Associate Data Analyst- Graduate Development Program[] 
 []


Overfull \hbox (81.49338pt too wide) in paragraph at lines 3990--3990
[]\T1/lmtt/m/n/10 ## 361                                                                                  Sr. Data Engineer[] 
 []


Overfull \hbox (81.49338pt too wide) in paragraph at lines 3990--3990
[]\T1/lmtt/m/n/10 ## 362                                                                    Senior Insurance Data Scientist[] 
 []


Overfull \hbox (81.49338pt too wide) in paragraph at lines 3990--3990
[]\T1/lmtt/m/n/10 ## 363                                                               Senior Data Science Systems Engineer[] 
 []


Overfull \hbox (81.49338pt too wide) in paragraph at lines 3990--3990
[]\T1/lmtt/m/n/10 ## 364                                                                   ENVIRONMENTAL ENGINEER/SCIENTIST[] 
 []


Overfull \hbox (81.49338pt too wide) in paragraph at lines 3990--3990
[]\T1/lmtt/m/n/10 ## 370                                                                              IT - Data Engineer II[] 
 []


Overfull \hbox (81.49338pt too wide) in paragraph at lines 3990--3990
[]\T1/lmtt/m/n/10 ## 372                                                  Project Scientist - Auton Lab, Robotics Institute[] 
 []


Overfull \hbox (81.49338pt too wide) in paragraph at lines 3990--3990
[]\T1/lmtt/m/n/10 ## 373                                                                                     Data Scientist[] 
 []


Overfull \hbox (81.49338pt too wide) in paragraph at lines 3990--3990
[]\T1/lmtt/m/n/10 ## 379                                                         Marketing Data Analyst, May 2020 Undergrad[] 
 []


Overfull \hbox (81.49338pt too wide) in paragraph at lines 3990--3990
[]\T1/lmtt/m/n/10 ## 380                                                                               Senior Data Engineer[] 
 []


Overfull \hbox (81.49338pt too wide) in paragraph at lines 3990--3990
[]\T1/lmtt/m/n/10 ## 383                                             Associate Environmental Scientist - Wildlife Biologist[] 
 []


Overfull \hbox (81.49338pt too wide) in paragraph at lines 3990--3990
[]\T1/lmtt/m/n/10 ## 385                                                                 Sr Data Engineer (Sr BI Developer)[] 
 []


Overfull \hbox (81.49338pt too wide) in paragraph at lines 3990--3990
[]\T1/lmtt/m/n/10 ## 388                                                                    Salesforce Analytics Consultant[] 
 []


Overfull \hbox (81.49338pt too wide) in paragraph at lines 3990--3990
[]\T1/lmtt/m/n/10 ## 389                                                 Technology-Minded, Data Professional Opportunities[] 
 []


Overfull \hbox (81.49338pt too wide) in paragraph at lines 3990--3990
[]\T1/lmtt/m/n/10 ## 393                                                                       Staff Scientist- Upstream PD[] 
 []


Overfull \hbox (81.49338pt too wide) in paragraph at lines 3990--3990
[]\T1/lmtt/m/n/10 ## 397                                   Product Engineer ^^U Spatial Data Science and Statistical Analysis[] 
 []


Overfull \hbox (81.49338pt too wide) in paragraph at lines 3990--3990
[]\T1/lmtt/m/n/10 ## 398                                                              Sr Software Engineer (Data Scientist)[] 
 []


Overfull \hbox (81.49338pt too wide) in paragraph at lines 3990--3990
[]\T1/lmtt/m/n/10 ## 400                                                                              Senior Data Scientist[] 
 []

[9]
Overfull \hbox (81.49338pt too wide) in paragraph at lines 3990--3990
[]\T1/lmtt/m/n/10 ## 402                                                      Senior Data Scientist Artificial Intelligence[] 
 []


Overfull \hbox (81.49338pt too wide) in paragraph at lines 3990--3990
[]\T1/lmtt/m/n/10 ## 403                                                        Analytics - Business Assurance Data Analyst[] 
 []


Overfull \hbox (81.49338pt too wide) in paragraph at lines 3990--3990
[]\T1/lmtt/m/n/10 ## 406                                                                                Data Analyst Senior[] 
 []


Overfull \hbox (81.49338pt too wide) in paragraph at lines 3990--3990
[]\T1/lmtt/m/n/10 ## 408                                                    Senior Data Scientist 4 Artificial Intelligence[] 
 []


Overfull \hbox (81.49338pt too wide) in paragraph at lines 3990--3990
[]\T1/lmtt/m/n/10 ## 409                                                                        Medical Lab Scientist - MLT[] 
 []


Overfull \hbox (81.49338pt too wide) in paragraph at lines 3990--3990
[]\T1/lmtt/m/n/10 ## 410                                             Senior Operations Data Analyst, Call Center Operations[] 
 []


Overfull \hbox (81.49338pt too wide) in paragraph at lines 3990--3990
[]\T1/lmtt/m/n/10 ## 416                                         Senior Research Analytical Scientist-Non-Targeted Analysis[] 
 []


Overfull \hbox (81.49338pt too wide) in paragraph at lines 3990--3990
[]\T1/lmtt/m/n/10 ## 417                                                                              Director Data Science[] 
 []


Overfull \hbox (81.49338pt too wide) in paragraph at lines 3990--3990
[]\T1/lmtt/m/n/10 ## 421                            Associate Machine Learning Engineer / Data Scientist May 2020 Undergrad[] 
 []


Overfull \hbox (81.49338pt too wide) in paragraph at lines 3990--3990
[]\T1/lmtt/m/n/10 ## 427                                                               Computational Chemist/Data Scientist[] 
 []


Overfull \hbox (81.49338pt too wide) in paragraph at lines 3990--3990
[]\T1/lmtt/m/n/10 ## 430                                                               Principal Machine Learning Scientist[] 
 []


Overfull \hbox (81.49338pt too wide) in paragraph at lines 3990--3990
[]\T1/lmtt/m/n/10 ## 432                                                                    Product Engineer ^^U Data Science[] 
 []


Overfull \hbox (81.49338pt too wide) in paragraph at lines 3990--3990
[]\T1/lmtt/m/n/10 ## 437                                                                                     Data Scientist[] 
 []


Overfull \hbox (81.49338pt too wide) in paragraph at lines 3990--3990
[]\T1/lmtt/m/n/10 ## 438                                                                                     Data Scientist[] 
 []


Overfull \hbox (81.49338pt too wide) in paragraph at lines 3990--3990
[]\T1/lmtt/m/n/10 ## 442                                                             Software Engineer - Data Visualization[] 
 []


Overfull \hbox (81.49338pt too wide) in paragraph at lines 3990--3990
[]\T1/lmtt/m/n/10 ## 443                                                                                Market Data Analyst[] 
 []


Overfull \hbox (81.49338pt too wide) in paragraph at lines 3990--3990
[]\T1/lmtt/m/n/10 ## 447                                                                                Staff Data Engineer[] 
 []


Overfull \hbox (81.49338pt too wide) in paragraph at lines 3990--3990
[]\T1/lmtt/m/n/10 ## 454                                                                                     Data Scientist[] 
 []


Overfull \hbox (81.49338pt too wide) in paragraph at lines 3990--3990
[]\T1/lmtt/m/n/10 ## 458                                                                         Staff BI and Data Engineer[] 
 []


Overfull \hbox (81.49338pt too wide) in paragraph at lines 3990--3990
[]\T1/lmtt/m/n/10 ## 463                                                                             Data Scientist Manager[] 
 []


Overfull \hbox (81.49338pt too wide) in paragraph at lines 3990--3990
[]\T1/lmtt/m/n/10 ## 467                                                                              Senior Data Scientist[] 
 []


Overfull \hbox (81.49338pt too wide) in paragraph at lines 3990--3990
[]\T1/lmtt/m/n/10 ## 469                                                                                       Data Analyst[] 
 []


Overfull \hbox (81.49338pt too wide) in paragraph at lines 3990--3990
[]\T1/lmtt/m/n/10 ## 474                                                                                Lead Data Scientist[] 
 []


Overfull \hbox (81.49338pt too wide) in paragraph at lines 3990--3990
[]\T1/lmtt/m/n/10 ## 480                                                                  Consultant - Analytics Consulting[] 
 []


Overfull \hbox (81.49338pt too wide) in paragraph at lines 3990--3990
[]\T1/lmtt/m/n/10 ## 482                                                                                       Data Analyst[] 
 []


Overfull \hbox (81.49338pt too wide) in paragraph at lines 3990--3990
[]\T1/lmtt/m/n/10 ## 485                                                                          Machine Learning Engineer[] 
 []


Overfull \hbox (81.49338pt too wide) in paragraph at lines 3990--3990
[]\T1/lmtt/m/n/10 ## 490                                                             Machine Learning Engineer - Regulatory[] 
 []


Overfull \hbox (81.49338pt too wide) in paragraph at lines 3990--3990
[]\T1/lmtt/m/n/10 ## 491                                                                             Marketing Data Analyst[] 
 []


Overfull \hbox (81.49338pt too wide) in paragraph at lines 3990--3990
[]\T1/lmtt/m/n/10 ## 492                                                                                      Data Engineer[] 
 []


Overfull \hbox (81.49338pt too wide) in paragraph at lines 3990--3990
[]\T1/lmtt/m/n/10 ## 493                                                                       Medical Laboratory Scientist[] 
 []


Overfull \hbox (81.49338pt too wide) in paragraph at lines 3990--3990
[]\T1/lmtt/m/n/10 ## 496                                                                                      Data Engineer[] 
 []


Overfull \hbox (81.49338pt too wide) in paragraph at lines 3990--3990
[]\T1/lmtt/m/n/10 ## 497                                                                    Data Scientist - Alpha Insights[] 
 []


Overfull \hbox (81.49338pt too wide) in paragraph at lines 3990--3990
[]\T1/lmtt/m/n/10 ## 500                                                               Data Scientist - Systems Engineering[] 
 []


Overfull \hbox (81.49338pt too wide) in paragraph at lines 3990--3990
[]\T1/lmtt/m/n/10 ## 505                                                         Senior Research Scientist-Machine Learning[] 
 []


Overfull \hbox (81.49338pt too wide) in paragraph at lines 3990--3990
[]\T1/lmtt/m/n/10 ## 510                                                                      Clinical Laboratory Scientist[] 
 []


Overfull \hbox (81.49338pt too wide) in paragraph at lines 3990--3990
[]\T1/lmtt/m/n/10 ## 513                                                                                      Data Engineer[] 
 []


Overfull \hbox (81.49338pt too wide) in paragraph at lines 3990--3990
[]\T1/lmtt/m/n/10 ## 516                                                                           Products Data Analyst II[] 
 []


Overfull \hbox (81.49338pt too wide) in paragraph at lines 3990--3990
[]\T1/lmtt/m/n/10 ## 518                                                                      Analytics Manager - Data Mart[] 
 []


Overfull \hbox (81.49338pt too wide) in paragraph at lines 3990--3990
[]\T1/lmtt/m/n/10 ## 519                                                                     Data Science Engineer - Mobile[] 
 []


Overfull \hbox (81.49338pt too wide) in paragraph at lines 3990--3990
[]\T1/lmtt/m/n/10 ## 521                                                        Sr. Data Engineer - Contract-to-Hire (Java)[] 
 []


Overfull \hbox (81.49338pt too wide) in paragraph at lines 3990--3990
[]\T1/lmtt/m/n/10 ## 525                                                                         Food Scientist - Developer[] 
 []


Overfull \hbox (81.49338pt too wide) in paragraph at lines 3990--3990
[]\T1/lmtt/m/n/10 ## 527                                                                                      Data Engineer[] 
 []


Overfull \hbox (81.49338pt too wide) in paragraph at lines 3990--3990
[]\T1/lmtt/m/n/10 ## 528                                                                              Senior Data Scientist[] 
 []


Overfull \hbox (81.49338pt too wide) in paragraph at lines 3990--3990
[]\T1/lmtt/m/n/10 ## 530                                                                          Machine Learning Engineer[] 
 []


Overfull \hbox (81.49338pt too wide) in paragraph at lines 3990--3990
[]\T1/lmtt/m/n/10 ## 531                                Sr Expert Data Science, Advanced Visual Analytics (Associate level)[] 
 []


Overfull \hbox (81.49338pt too wide) in paragraph at lines 3990--3990
[]\T1/lmtt/m/n/10 ## 533                                                     Staff Scientist-Downstream Process Development[] 
 []


Overfull \hbox (81.49338pt too wide) in paragraph at lines 3990--3990
[]\T1/lmtt/m/n/10 ## 536                                               Associate Data Analyst- Graduate Development Program[] 
 []


Overfull \hbox (81.49338pt too wide) in paragraph at lines 3990--3990
[]\T1/lmtt/m/n/10 ## 538                                                                                  Sr. Data Engineer[] 
 []


Overfull \hbox (81.49338pt too wide) in paragraph at lines 3990--3990
[]\T1/lmtt/m/n/10 ## 539                                                                              Clinical Data Analyst[] 
 []


Overfull \hbox (81.49338pt too wide) in paragraph at lines 3990--3990
[]\T1/lmtt/m/n/10 ## 540                                                                              Business Data Analyst[] 
 []


Overfull \hbox (81.49338pt too wide) in paragraph at lines 3990--3990
[]\T1/lmtt/m/n/10 ## 541                                                                    Senior Insurance Data Scientist[] 
 []


Overfull \hbox (81.49338pt too wide) in paragraph at lines 3990--3990
[]\T1/lmtt/m/n/10 ## 542                                                               Senior Data Science Systems Engineer[] 
 []


Overfull \hbox (81.49338pt too wide) in paragraph at lines 3990--3990
[]\T1/lmtt/m/n/10 ## 543                                                                   ENVIRONMENTAL ENGINEER/SCIENTIST[] 
 []


Overfull \hbox (81.49338pt too wide) in paragraph at lines 3990--3990
[]\T1/lmtt/m/n/10 ## 551                                                                              IT - Data Engineer II[] 
 []

[10]
Overfull \hbox (81.49338pt too wide) in paragraph at lines 3990--3990
[]\T1/lmtt/m/n/10 ## 558                                                  Project Scientist - Auton Lab, Robotics Institute[] 
 []


Overfull \hbox (81.49338pt too wide) in paragraph at lines 3990--3990
[]\T1/lmtt/m/n/10 ## 559                                                          Research Scientist ^^U Security and Privacy[] 
 []


Overfull \hbox (81.49338pt too wide) in paragraph at lines 3990--3990
[]\T1/lmtt/m/n/10 ## 563                                                                          Supply Chain Data Analyst[] 
 []


Overfull \hbox (81.49338pt too wide) in paragraph at lines 3990--3990
[]\T1/lmtt/m/n/10 ## 567                                                         Marketing Data Analyst, May 2020 Undergrad[] 
 []


Overfull \hbox (81.49338pt too wide) in paragraph at lines 3990--3990
[]\T1/lmtt/m/n/10 ## 571                                                                               Senior Data Engineer[] 
 []


Overfull \hbox (81.49338pt too wide) in paragraph at lines 3990--3990
[]\T1/lmtt/m/n/10 ## 574                                                           Data Scientist in Translational Medicine[] 
 []


Overfull \hbox (81.49338pt too wide) in paragraph at lines 3990--3990
[]\T1/lmtt/m/n/10 ## 577                                             Associate Environmental Scientist - Wildlife Biologist[] 
 []


Overfull \hbox (81.49338pt too wide) in paragraph at lines 3990--3990
[]\T1/lmtt/m/n/10 ## 578                                                                 Sr Data Engineer (Sr BI Developer)[] 
 []


Overfull \hbox (81.49338pt too wide) in paragraph at lines 3990--3990
[]\T1/lmtt/m/n/10 ## 579                                  Senior Data Scientist ^^U Visualization, Novartis AI Innovation Lab[] 
 []


Overfull \hbox (81.49338pt too wide) in paragraph at lines 3990--3990
[]\T1/lmtt/m/n/10 ## 585                                                                                      Data Engineer[] 
 []


Overfull \hbox (81.49338pt too wide) in paragraph at lines 3990--3990
[]\T1/lmtt/m/n/10 ## 587                                                 Technology-Minded, Data Professional Opportunities[] 
 []


Overfull \hbox (81.49338pt too wide) in paragraph at lines 3990--3990
[]\T1/lmtt/m/n/10 ## 589                                                                    Salesforce Analytics Consultant[] 
 []


Overfull \hbox (81.49338pt too wide) in paragraph at lines 3990--3990
[]\T1/lmtt/m/n/10 ## 592                                                                       Staff Scientist- Upstream PD[] 
 []


Overfull \hbox (81.49338pt too wide) in paragraph at lines 3990--3990
[]\T1/lmtt/m/n/10 ## 598                                   Software Engineer (Data Scientist/Software Engineer) - SISW - MG[] 
 []


Overfull \hbox (81.49338pt too wide) in paragraph at lines 3990--3990
[]\T1/lmtt/m/n/10 ## 600                                                                                      Data Engineer[] 
 []


Overfull \hbox (81.49338pt too wide) in paragraph at lines 3990--3990
[]\T1/lmtt/m/n/10 ## 602                                   Product Engineer ^^U Spatial Data Science and Statistical Analysis[] 
 []


Overfull \hbox (81.49338pt too wide) in paragraph at lines 3990--3990
[]\T1/lmtt/m/n/10 ## 603                                                              Sr Software Engineer (Data Scientist)[] 
 []


Overfull \hbox (81.49338pt too wide) in paragraph at lines 3990--3990
[]\T1/lmtt/m/n/10 ## 605                                 Associate Research Scientist I (Protein Expression and Production)[] 
 []


Overfull \hbox (81.49338pt too wide) in paragraph at lines 3990--3990
[]\T1/lmtt/m/n/10 ## 606                                                      Senior Data Scientist Artificial Intelligence[] 
 []


Overfull \hbox (81.49338pt too wide) in paragraph at lines 3990--3990
[]\T1/lmtt/m/n/10 ## 607                                                        Analytics - Business Assurance Data Analyst[] 
 []


Overfull \hbox (81.49338pt too wide) in paragraph at lines 3990--3990
[]\T1/lmtt/m/n/10 ## 611                                                                                Data Analyst Senior[] 
 []


Overfull \hbox (81.49338pt too wide) in paragraph at lines 3990--3990
[]\T1/lmtt/m/n/10 ## 612                                                                   Senior Formulations Scientist II[] 
 []


Overfull \hbox (81.49338pt too wide) in paragraph at lines 3990--3990
[]\T1/lmtt/m/n/10 ## 615                                                    Senior Data Scientist 4 Artificial Intelligence[] 
 []


Overfull \hbox (81.49338pt too wide) in paragraph at lines 3990--3990
[]\T1/lmtt/m/n/10 ## 616                                                                                      Data Engineer[] 
 []


Overfull \hbox (81.49338pt too wide) in paragraph at lines 3990--3990
[]\T1/lmtt/m/n/10 ## 618                                                                        Medical Lab Scientist - MLT[] 
 []


Overfull \hbox (81.49338pt too wide) in paragraph at lines 3990--3990
[]\T1/lmtt/m/n/10 ## 619                                             Senior Operations Data Analyst, Call Center Operations[] 
 []


Overfull \hbox (81.49338pt too wide) in paragraph at lines 3990--3990
[]\T1/lmtt/m/n/10 ## 620                                                                        Senior Quantitative Analyst[] 
 []


Overfull \hbox (81.49338pt too wide) in paragraph at lines 3990--3990
[]\T1/lmtt/m/n/10 ## 625                                         Senior Research Analytical Scientist-Non-Targeted Analysis[] 
 []


Overfull \hbox (81.49338pt too wide) in paragraph at lines 3990--3990
[]\T1/lmtt/m/n/10 ## 628                                                                              Director Data Science[] 
 []


Overfull \hbox (81.49338pt too wide) in paragraph at lines 3990--3990
[]\T1/lmtt/m/n/10 ## 634                                  Research Scientist or Senior Research Scientist - Computer Vision[] 
 []


Overfull \hbox (81.49338pt too wide) in paragraph at lines 3990--3990
[]\T1/lmtt/m/n/10 ## 635                            Associate Machine Learning Engineer / Data Scientist May 2020 Undergrad[] 
 []


Overfull \hbox (81.49338pt too wide) in paragraph at lines 3990--3990
[]\T1/lmtt/m/n/10 ## 636                                                   Data Analyst Chemist - Quality System Contractor[] 
 []


Overfull \hbox (81.49338pt too wide) in paragraph at lines 3990--3990
[]\T1/lmtt/m/n/10 ## 638                          Research Scientist / Principal Research Scientist - Multiphysical Systems[] 
 []


Overfull \hbox (81.49338pt too wide) in paragraph at lines 3990--3990
[]\T1/lmtt/m/n/10 ## 639                                                    Research Scientist, Machine Learning Department[] 
 []


Overfull \hbox (81.49338pt too wide) in paragraph at lines 3990--3990
[]\T1/lmtt/m/n/10 ## 640                                                       Foundational Community Supports Data Analyst[] 
 []


Overfull \hbox (81.49338pt too wide) in paragraph at lines 3990--3990
[]\T1/lmtt/m/n/10 ## 643                                                                                   Sr. Data Analyst[] 
 []


Overfull \hbox (81.49338pt too wide) in paragraph at lines 3990--3990
[]\T1/lmtt/m/n/10 ## 644                                                       Senior Engineer, Data Management Engineering[] 
 []


Overfull \hbox (81.49338pt too wide) in paragraph at lines 3990--3990
[]\T1/lmtt/m/n/10 ## 645                                              Quality Control Scientist III- Analytical Development[] 
 []


Overfull \hbox (81.49338pt too wide) in paragraph at lines 3990--3990
[]\T1/lmtt/m/n/10 ## 652                                             Data Scientist in Artificial Intelligence Early Career[] 
 []


Overfull \hbox (81.49338pt too wide) in paragraph at lines 3990--3990
[]\T1/lmtt/m/n/10 ## 653                                                                  Consultant - Analytics Consulting[] 
 []


Overfull \hbox (81.49338pt too wide) in paragraph at lines 3990--3990
[]\T1/lmtt/m/n/10 ## 655                                                                                       Data Analyst[] 
 []


Overfull \hbox (81.49338pt too wide) in paragraph at lines 3990--3990
[]\T1/lmtt/m/n/10 ## 657                                                                                     Data Scientist[] 
 []


Overfull \hbox (81.49338pt too wide) in paragraph at lines 3990--3990
[]\T1/lmtt/m/n/10 ## 660                                                                          Machine Learning Engineer[] 
 []


Overfull \hbox (81.49338pt too wide) in paragraph at lines 3990--3990
[]\T1/lmtt/m/n/10 ## 664                                                                             Marketing Data Analyst[] 
 []


Overfull \hbox (81.49338pt too wide) in paragraph at lines 3990--3990
[]\T1/lmtt/m/n/10 ## 665                                                             Machine Learning Engineer - Regulatory[] 
 []


Overfull \hbox (81.49338pt too wide) in paragraph at lines 3990--3990
[]\T1/lmtt/m/n/10 ## 666                                                                                      Data Engineer[] 
 []


Overfull \hbox (81.49338pt too wide) in paragraph at lines 3990--3990
[]\T1/lmtt/m/n/10 ## 667                                                                       Medical Laboratory Scientist[] 
 []


Overfull \hbox (81.49338pt too wide) in paragraph at lines 3990--3990
[]\T1/lmtt/m/n/10 ## 670                                                                                      Data Engineer[] 
 []


Overfull \hbox (81.49338pt too wide) in paragraph at lines 3990--3990
[]\T1/lmtt/m/n/10 ## 672                                                               Data Scientist - Systems Engineering[] 
 []


Overfull \hbox (81.49338pt too wide) in paragraph at lines 3990--3990
[]\T1/lmtt/m/n/10 ## 675                                                                                     Data Scientist[] 
 []


Overfull \hbox (81.49338pt too wide) in paragraph at lines 3990--3990
[]\T1/lmtt/m/n/10 ## 681                                                         Senior Research Scientist-Machine Learning[] 
 []


Overfull \hbox (81.49338pt too wide) in paragraph at lines 3990--3990
[]\T1/lmtt/m/n/10 ## 683                                                                      Clinical Laboratory Scientist[] 
 []


Overfull \hbox (81.49338pt too wide) in paragraph at lines 3990--3990
[]\T1/lmtt/m/n/10 ## 686                                                                                     Data Scientist[] 
 []


Overfull \hbox (81.49338pt too wide) in paragraph at lines 3990--3990
[]\T1/lmtt/m/n/10 ## 687                                                                                     Data Scientist[] 
 []

[11]
Overfull \hbox (81.49338pt too wide) in paragraph at lines 3990--3990
[]\T1/lmtt/m/n/10 ## 689                                                                                      Data Engineer[] 
 []


Overfull \hbox (81.49338pt too wide) in paragraph at lines 3990--3990
[]\T1/lmtt/m/n/10 ## 693                                                                                 Jr. Data Scientist[] 
 []


Overfull \hbox (81.49338pt too wide) in paragraph at lines 3990--3990
[]\T1/lmtt/m/n/10 ## 695                                                                           Products Data Analyst II[] 
 []


Overfull \hbox (81.49338pt too wide) in paragraph at lines 3990--3990
[]\T1/lmtt/m/n/10 ## 696                                                                      Data Architect / Data Modeler[] 
 []


Overfull \hbox (81.49338pt too wide) in paragraph at lines 3990--3990
[]\T1/lmtt/m/n/10 ## 697                                                                      Analytics Manager - Data Mart[] 
 []


Overfull \hbox (81.49338pt too wide) in paragraph at lines 3990--3990
[]\T1/lmtt/m/n/10 ## 699                                                                     Data Science Engineer - Mobile[] 
 []


Overfull \hbox (81.49338pt too wide) in paragraph at lines 3990--3990
[]\T1/lmtt/m/n/10 ## 702                                                        Sr. Data Engineer - Contract-to-Hire (Java)[] 
 []


Overfull \hbox (81.49338pt too wide) in paragraph at lines 3990--3990
[]\T1/lmtt/m/n/10 ## 705                                                                         Food Scientist - Developer[] 
 []


Overfull \hbox (81.49338pt too wide) in paragraph at lines 3990--3990
[]\T1/lmtt/m/n/10 ## 707                                                                                      Data Engineer[] 
 []


Overfull \hbox (81.49338pt too wide) in paragraph at lines 3990--3990
[]\T1/lmtt/m/n/10 ## 708                                                                              Senior Data Scientist[] 
 []


Overfull \hbox (81.49338pt too wide) in paragraph at lines 3990--3990
[]\T1/lmtt/m/n/10 ## 710                                                                          Machine Learning Engineer[] 
 []


Overfull \hbox (81.49338pt too wide) in paragraph at lines 3990--3990
[]\T1/lmtt/m/n/10 ## 711                                Sr Expert Data Science, Advanced Visual Analytics (Associate level)[] 
 []


Overfull \hbox (81.49338pt too wide) in paragraph at lines 3990--3990
[]\T1/lmtt/m/n/10 ## 714                                                     Staff Scientist-Downstream Process Development[] 
 []


Overfull \hbox (81.49338pt too wide) in paragraph at lines 3990--3990
[]\T1/lmtt/m/n/10 ## 718                                               Associate Data Analyst- Graduate Development Program[] 
 []


Overfull \hbox (81.49338pt too wide) in paragraph at lines 3990--3990
[]\T1/lmtt/m/n/10 ## 719                                                                                  Sr. Data Engineer[] 
 []


Overfull \hbox (81.49338pt too wide) in paragraph at lines 3990--3990
[]\T1/lmtt/m/n/10 ## 720                                                                              Clinical Data Analyst[] 
 []


Overfull \hbox (81.49338pt too wide) in paragraph at lines 3990--3990
[]\T1/lmtt/m/n/10 ## 722                                                                              Business Data Analyst[] 
 []


Overfull \hbox (81.49338pt too wide) in paragraph at lines 3990--3990
[]\T1/lmtt/m/n/10 ## 723                                                                    Senior Insurance Data Scientist[] 
 []


Overfull \hbox (81.49338pt too wide) in paragraph at lines 3990--3990
[]\T1/lmtt/m/n/10 ## 724                                                               Senior Data Science Systems Engineer[] 
 []


Overfull \hbox (81.49338pt too wide) in paragraph at lines 3990--3990
[]\T1/lmtt/m/n/10 ## 725                                                                   ENVIRONMENTAL ENGINEER/SCIENTIST[] 
 []


Overfull \hbox (81.49338pt too wide) in paragraph at lines 3990--3990
[]\T1/lmtt/m/n/10 ## 732                                                                              IT - Data Engineer II[] 
 []


Overfull \hbox (81.49338pt too wide) in paragraph at lines 3990--3990
[]\T1/lmtt/m/n/10 ## 740                                                  Project Scientist - Auton Lab, Robotics Institute[] 
 []


Overfull \hbox (81.49338pt too wide) in paragraph at lines 3990--3990
[]\T1/lmtt/m/n/10 ## 742                                                          Research Scientist ^^U Security and Privacy[] 
 []

[12] [13] [14] [15] [16] [17]
! TeX capacity exceeded, sorry [main memory size=5000000].
<argument> ...                               \ETC.
                                                  
l.3990 \end{verbatim}
                      
Here is how much of TeX's memory you used:
 11004 strings out of 478051
 172567 string characters out of 5839675
 5000001 words of memory out of 5000000
 30953 multiletter control sequences out of 15000+600000
 537799 words of font info for 56 fonts, out of 8000000 for 9000
 14 hyphenation exceptions out of 8191
 75i,6n,76p,9300b,577s stack positions out of 10000i,1000n,20000p,200000b,200000s

!  ==> Fatal error occurred, no output PDF file produced!
